[0810/222015.598:ERROR:process_memory_win.cc(73)] ReadMemory at 0x7ff7de7b0000 of 64 bytes failed: Only part of a ReadProcessMemory or WriteProcessMemory request was completed. (0x12B)
[0810/222015.911:WARNING:pe_image_reader.cc(340)] could not read dos header from C:\Program Files (x86)\Google\Chrome\Application\chrome.exe
[0810/222015.911:ERROR:process_memory_win.cc(73)] ReadMemory at 0x7fffbef60000 of 64 bytes failed: Only part of a ReadProcessMemory or WriteProcessMemory request was completed. (0x12B)
[0810/222015.911:WARNING:pe_image_reader.cc(340)] could not read dos header from C:\WINDOWS\SYSTEM32\ntdll.dll
[0810/222015.912:ERROR:process_memory_win.cc(73)] ReadMemory at 0x7fffbd540000 of 64 bytes failed: Only part of a ReadProcessMemory or WriteProcessMemory request was completed. (0x12B)
[0810/222015.913:WARNING:pe_image_reader.cc(340)] could not read dos header from C:\WINDOWS\System32\KERNEL32.DLL
[0810/222015.913:ERROR:process_memory_win.cc(73)] ReadMemory at 0x7fffbcd60000 of 64 bytes failed: Only part of a ReadProcessMemory or WriteProcessMemory request was completed. (0x12B)
[0810/222015.913:WARNING:pe_image_reader.cc(340)] could not read dos header from C:\WINDOWS\System32\KERNELBASE.dll
[0810/222015.913:ERROR:process_memory_win.cc(73)] ReadMemory at 0x7fffa87e0000 of 64 bytes failed: Only part of a ReadProcessMemory or WriteProcessMemory request was completed. (0x12B)
[0810/222015.913:WARNING:pe_image_reader.cc(340)] could not read dos header from C:\Program Files (x86)\Google\Chrome\Application\84.0.4147.105\chrome_elf.dll
[0810/222015.913:ERROR:process_memory_win.cc(73)] ReadMemory at 0x7fffb0ab0000 of 64 bytes failed: Only part of a ReadProcessMemory or WriteProcessMemory request was completed. (0x12B)
[0810/222015.913:WARNING:pe_image_reader.cc(340)] could not read dos header from C:\WINDOWS\SYSTEM32\VERSION.dll
[0810/222015.913:ERROR:process_memory_win.cc(73)] ReadMemory at 0x7fffbd490000 of 64 bytes failed: Only part of a ReadProcessMemory or WriteProcessMemory request was completed. (0x12B)
[0810/222015.913:WARNING:pe_image_reader.cc(340)] could not read dos header from C:\WINDOWS\System32\msvcrt.dll
[0810/222015.913:ERROR:process_memory_win.cc(73)] ReadMemory at 0x7fffbc0a0000 of 64 bytes failed: Only part of a ReadProcessMemory or WriteProcessMemory request was completed. (0x12B)
[0810/222015.913:WARNING:pe_image_reader.cc(340)] could not read dos header from C:\WINDOWS\System32\bcryptPrimitives.dll
[0810/222015.913:ERROR:process_memory_win.cc(73)] ReadMemory at 0x7fffbd0e0000 of 64 bytes failed: Only part of a ReadProcessMemory or WriteProcessMemory request was completed. (0x12B)
[0810/222015.913:WARNING:pe_image_reader.cc(340)] could not read dos header from C:\WINDOWS\System32\ADVAPI32.dll
[0810/222015.913:ERROR:process_memory_win.cc(73)] ReadMemory at 0x7fffbd660000 of 64 bytes failed: Only part of a ReadProcessMemory or WriteProcessMemory request was completed. (0x12B)
[0810/222015.913:WARNING:pe_image_reader.cc(340)] could not read dos header from C:\WINDOWS\System32\sechost.dll
[0810/222015.913:ERROR:process_memory_win.cc(73)] ReadMemory at 0x7fffbe290000 of 64 bytes failed: Only part of a ReadProcessMemory or WriteProcessMemory request was completed. (0x12B)
[0810/222015.913:WARNING:pe_image_reader.cc(340)] could not read dos header from C:\WINDOWS\System32\RPCRT4.dll
[0810/222015.913:ERROR:process_memory_win.cc(73)] ReadMemory at 0x7fff2cf90000 of 64 bytes failed: Only part of a ReadProcessMemory or WriteProcessMemory request was completed. (0x12B)
[0810/222015.913:WARNING:pe_image_reader.cc(340)] could not read dos header from C:\Program Files (x86)\Google\Chrome\Application\84.0.4147.105\chrome.dll
[0810/222015.913:ERROR:process_memory_win.cc(73)] ReadMemory at 0x7fffbeb00000 of 64 bytes failed: Only part of a ReadProcessMemory or WriteProcessMemory request was completed. (0x12B)
[0810/222015.913:WARNING:pe_image_reader.cc(340)] could not read dos header from C:\WINDOWS\System32\WS2_32.dll
[0810/222015.913:ERROR:process_memory_win.cc(73)] ReadMemory at 0x7fffbd010000 of 64 bytes failed: Only part of a ReadProcessMemory or WriteProcessMemory request was completed. (0x12B)
[0810/222015.913:WARNING:pe_image_reader.cc(340)] could not read dos header from C:\WINDOWS\System32\OLEAUT32.dll
[0810/222015.913:ERROR:process_memory_win.cc(73)] ReadMemory at 0x7fffbc2f0000 of 64 bytes failed: Only part of a ReadProcessMemory or WriteProcessMemory request was completed. (0x12B)
[0810/222015.913:WARNING:pe_image_reader.cc(340)] could not read dos header from C:\WINDOWS\System32\msvcp_win.dll
[0810/222015.913:ERROR:process_memory_win.cc(73)] ReadMemory at 0x7fffbc390000 of 64 bytes failed: Only part of a ReadProcessMemory or WriteProcessMemory request was completed. (0x12B)
[0810/222015.913:WARNING:pe_image_reader.cc(340)] could not read dos header from C:\WINDOWS\System32\ucrtbase.dll
[0810/222015.913:ERROR:process_memory_win.cc(73)] ReadMemory at 0x7fffbd700000 of 64 bytes failed: Only part of a ReadProcessMemory or WriteProcessMemory request was completed. (0x12B)
[0810/222015.914:WARNING:pe_image_reader.cc(340)] could not read dos header from C:\WINDOWS\System32\combase.dll
[0810/222015.914:ERROR:process_memory_win.cc(73)] ReadMemory at 0x7fffbccd0000 of 64 bytes failed: Only part of a ReadProcessMemory or WriteProcessMemory request was completed. (0x12B)
[0810/222015.914:WARNING:pe_image_reader.cc(340)] could not read dos header from C:\WINDOWS\System32\WINTRUST.dll
[0810/222015.914:ERROR:process_memory_win.cc(73)] ReadMemory at 0x7fffbbec0000 of 64 bytes failed: Only part of a ReadProcessMemory or WriteProcessMemory request was completed. (0x12B)
[0810/222015.914:WARNING:pe_image_reader.cc(340)] could not read dos header from C:\WINDOWS\System32\MSASN1.dll
[0810/222015.914:ERROR:process_memory_win.cc(73)] ReadMemory at 0x7fffbc150000 of 64 bytes failed: Only part of a ReadProcessMemory or WriteProcessMemory request was completed. (0x12B)
[0810/222015.914:WARNING:pe_image_reader.cc(340)] could not read dos header from C:\WINDOWS\System32\CRYPT32.dll
[0810/222015.914:ERROR:process_memory_win.cc(73)] ReadMemory at 0x7fffbb390000 of 64 bytes failed: Only part of a ReadProcessMemory or WriteProcessMemory request was completed. (0x12B)
[0810/222015.914:WARNING:pe_image_reader.cc(340)] could not read dos header from C:\WINDOWS\SYSTEM32\IPHLPAPI.DLL
[0810/222015.914:ERROR:process_memory_win.cc(73)] ReadMemory at 0x7fffb9790000 of 64 bytes failed: Only part of a ReadProcessMemory or WriteProcessMemory request was completed. (0x12B)
[0810/222015.914:WARNING:pe_image_reader.cc(340)] could not read dos header from C:\WINDOWS\SYSTEM32\WINMM.dll
[0810/222015.914:ERROR:process_memory_win.cc(73)] ReadMemory at 0x7fffab8c0000 of 64 bytes failed: Only part of a ReadProcessMemory or WriteProcessMemory request was completed. (0x12B)
[0810/222015.914:WARNING:pe_image_reader.cc(340)] could not read dos header from C:\WINDOWS\SYSTEM32\Secur32.dll
[0810/222015.914:ERROR:process_memory_win.cc(73)] ReadMemory at 0x7fffbbd30000 of 64 bytes failed: Only part of a ReadProcessMemory or WriteProcessMemory request was completed. (0x12B)
[0810/222015.914:WARNING:pe_image_reader.cc(340)] could not read dos header from C:\WINDOWS\SYSTEM32\USERENV.dll
[0810/222015.914:ERROR:process_memory_win.cc(73)] ReadMemory at 0x7fffbbe90000 of 64 bytes failed: Only part of a ReadProcessMemory or WriteProcessMemory request was completed. (0x12B)
[0810/222015.914:WARNING:pe_image_reader.cc(340)] could not read dos header from C:\WINDOWS\System32\profapi.dll
[0810/222015.914:ERROR:process_memory_win.cc(73)] ReadMemory at 0x7fff98830000 of 64 bytes failed: Only part of a ReadProcessMemory or WriteProcessMemory request was completed. (0x12B)
[0810/222015.914:WARNING:pe_image_reader.cc(340)] could not read dos header from C:\WINDOWS\SYSTEM32\UIAutomationCore.DLL
[0810/222015.914:ERROR:process_memory_win.cc(73)] ReadMemory at 0x7fffa8240000 of 64 bytes failed: Only part of a ReadProcessMemory or WriteProcessMemory request was completed. (0x12B)
[0810/222015.914:WARNING:pe_image_reader.cc(340)] could not read dos header from C:\WINDOWS\SYSTEM32\DWrite.dll
[0810/222015.914:ERROR:process_memory_win.cc(73)] ReadMemory at 0x7fffafa20000 of 64 bytes failed: Only part of a ReadProcessMemory or WriteProcessMemory request was completed. (0x12B)
[0810/222015.914:WARNING:pe_image_reader.cc(340)] could not read dos header from C:\WINDOWS\SYSTEM32\WINSPOOL.DRV
[0810/222015.914:ERROR:process_memory_win.cc(73)] ReadMemory at 0x7fffbbe20000 of 64 bytes failed: Only part of a ReadProcessMemory or WriteProcessMemory request was completed. (0x12B)
[0810/222015.914:WARNING:pe_image_reader.cc(340)] could not read dos header from C:\WINDOWS\System32\kernel.appcore.dll
[0810/222015.914:ERROR:process_memory_win.cc(73)] ReadMemory at 0x7fffbc120000 of 64 bytes failed: Only part of a ReadProcessMemory or WriteProcessMemory request was completed. (0x12B)
[0810/222015.914:WARNING:pe_image_reader.cc(340)] could not read dos header from C:\WINDOWS\System32\bcrypt.dll
[0810/222015.914:ERROR:process_memory_win.cc(73)] ReadMemory at 0x7fffb01d0000 of 64 bytes failed: Only part of a ReadProcessMemory or WriteProcessMemory request was completed. (0x12B)
[0810/222015.914:WARNING:pe_image_reader.cc(340)] could not read dos header from C:\WINDOWS\SYSTEM32\dbghelp.dll
[0810/222015.914:ERROR:process_memory_win.cc(73)] ReadMemory at 0x7fffb0650000 of 64 bytes failed: Only part of a ReadProcessMemory or WriteProcessMemory request was completed. (0x12B)
[0810/222015.914:WARNING:pe_image_reader.cc(340)] could not read dos header from C:\WINDOWS\SYSTEM32\WINHTTP.dll
[0810/222015.914:ERROR:process_memory_win.cc(73)] ReadMemory at 0x7fffb03e0000 of 64 bytes failed: Only part of a ReadProcessMemory or WriteProcessMemory request was completed. (0x12B)
[0810/222015.914:WARNING:pe_image_reader.cc(340)] could not read dos header from C:\WINDOWS\SYSTEM32\dhcpcsvc.DLL
[0810/222015.914:ERROR:process_memory_win.cc(73)] ReadMemory at 0x7fffbd530000 of 64 bytes failed: Only part of a ReadProcessMemory or WriteProcessMemory request was completed. (0x12B)
[0810/222015.914:WARNING:pe_image_reader.cc(340)] could not read dos header from C:\WINDOWS\System32\NSI.dll
[0810/222015.914:ERROR:process_memory_win.cc(73)] ReadMemory at 0x7fffb9760000 of 64 bytes failed: Only part of a ReadProcessMemory or WriteProcessMemory request was completed. (0x12B)
[0810/222015.914:WARNING:pe_image_reader.cc(340)] could not read dos header from C:\WINDOWS\SYSTEM32\WINMMBASE.dll
[0810/222015.915:ERROR:process_memory_win.cc(73)] ReadMemory at 0x7fffbc2a0000 of 64 bytes failed: Only part of a ReadProcessMemory or WriteProcessMemory request was completed. (0x12B)
[0810/222015.915:WARNING:pe_image_reader.cc(340)] could not read dos header from C:\WINDOWS\System32\cfgmgr32.dll
[0810/222015.915:ERROR:process_memory_win.cc(73)] ReadMemory at 0x7fffb8730000 of 64 bytes failed: Only part of a ReadProcessMemory or WriteProcessMemory request was completed. (0x12B)
[0810/222015.915:WARNING:pe_image_reader.cc(340)] could not read dos header from C:\WINDOWS\SYSTEM32\PROPSYS.dll
[0810/222015.915:ERROR:process_memory_win.cc(73)] ReadMemory at 0x7fffbe1b0000 of 64 bytes failed: Only part of a ReadProcessMemory or WriteProcessMemory request was completed. (0x12B)
[0810/222015.915:WARNING:pe_image_reader.cc(340)] could not read dos header from C:\WINDOWS\System32\shcore.dll
[0810/222015.915:ERROR:process_memory_win.cc(73)] ReadMemory at 0x7fffbbd00000 of 64 bytes failed: Only part of a ReadProcessMemory or WriteProcessMemory request was completed. (0x12B)
[0810/222015.915:WARNING:pe_image_reader.cc(340)] could not read dos header from C:\WINDOWS\SYSTEM32\SSPICLI.DLL
[0810/222015.915:ERROR:process_memory_win.cc(73)] ReadMemory at 0x7fffbb850000 of 64 bytes failed: Only part of a ReadProcessMemory or WriteProcessMemory request was completed. (0x12B)
[0810/222015.915:WARNING:pe_image_reader.cc(340)] could not read dos header from C:\WINDOWS\SYSTEM32\CRYPTBASE.DLL
[0810/222016.531:ERROR:process_memory_win.cc(73)] ReadMemory at 0x7ff7de7b0000 of 64 bytes failed: Only part of a ReadProcessMemory or WriteProcessMemory request was completed. (0x12B)
[0810/222016.531:WARNING:pe_image_reader.cc(340)] could not read dos header from C:\Program Files (x86)\Google\Chrome\Application\chrome.exe
[0810/222016.531:ERROR:process_memory_win.cc(73)] ReadMemory at 0x7fffbef60000 of 64 bytes failed: Only part of a ReadProcessMemory or WriteProcessMemory request was completed. (0x12B)
[0810/222016.531:WARNING:pe_image_reader.cc(340)] could not read dos header from C:\WINDOWS\SYSTEM32\ntdll.dll
[0810/222016.531:ERROR:process_memory_win.cc(73)] ReadMemory at 0x7fffbd540000 of 64 bytes failed: Only part of a ReadProcessMemory or WriteProcessMemory request was completed. (0x12B)
[0810/222016.531:WARNING:pe_image_reader.cc(340)] could not read dos header from C:\WINDOWS\System32\KERNEL32.DLL
[0810/222016.531:ERROR:process_memory_win.cc(73)] ReadMemory at 0x7fffbcd60000 of 64 bytes failed: Only part of a ReadProcessMemory or WriteProcessMemory request was completed. (0x12B)
[0810/222016.531:WARNING:pe_image_reader.cc(340)] could not read dos header from C:\WINDOWS\System32\KERNELBASE.dll
[0810/222016.531:ERROR:process_memory_win.cc(73)] ReadMemory at 0x7fffa87e0000 of 64 bytes failed: Only part of a ReadProcessMemory or WriteProcessMemory request was completed. (0x12B)
[0810/222016.531:WARNING:pe_image_reader.cc(340)] could not read dos header from C:\Program Files (x86)\Google\Chrome\Application\84.0.4147.105\chrome_elf.dll
[0810/222016.531:ERROR:process_memory_win.cc(73)] ReadMemory at 0x7fffb0ab0000 of 64 bytes failed: Only part of a ReadProcessMemory or WriteProcessMemory request was completed. (0x12B)
[0810/222016.531:WARNING:pe_image_reader.cc(340)] could not read dos header from C:\WINDOWS\SYSTEM32\VERSION.dll
[0810/222016.531:ERROR:process_memory_win.cc(73)] ReadMemory at 0x7fffbd490000 of 64 bytes failed: Only part of a ReadProcessMemory or WriteProcessMemory request was completed. (0x12B)
[0810/222016.531:WARNING:pe_image_reader.cc(340)] could not read dos header from C:\WINDOWS\System32\msvcrt.dll
[0810/222016.531:ERROR:process_memory_win.cc(73)] ReadMemory at 0x7fffbc0a0000 of 64 bytes failed: Only part of a ReadProcessMemory or WriteProcessMemory request was completed. (0x12B)
[0810/222016.531:WARNING:pe_image_reader.cc(340)] could not read dos header from C:\WINDOWS\System32\bcryptPrimitives.dll
[0810/222016.531:ERROR:process_memory_win.cc(73)] ReadMemory at 0x7fffbd0e0000 of 64 bytes failed: Only part of a ReadProcessMemory or WriteProcessMemory request was completed. (0x12B)
[0810/222016.531:WARNING:pe_image_reader.cc(340)] could not read dos header from C:\WINDOWS\System32\ADVAPI32.dll
[0810/222016.531:ERROR:process_memory_win.cc(73)] ReadMemory at 0x7fffbd660000 of 64 bytes failed: Only part of a ReadProcessMemory or WriteProcessMemory request was completed. (0x12B)
[0810/222016.531:WARNING:pe_image_reader.cc(340)] could not read dos header from C:\WINDOWS\System32\sechost.dll
[0810/222016.531:ERROR:process_memory_win.cc(73)] ReadMemory at 0x7fffbe290000 of 64 bytes failed: Only part of a ReadProcessMemory or WriteProcessMemory request was completed. (0x12B)
[0810/222016.531:WARNING:pe_image_reader.cc(340)] could not read dos header from C:\WINDOWS\System32\RPCRT4.dll
[0810/222016.531:ERROR:process_memory_win.cc(73)] ReadMemory at 0x7fff2cf90000 of 64 bytes failed: Only part of a ReadProcessMemory or WriteProcessMemory request was completed. (0x12B)
[0810/222016.531:WARNING:pe_image_reader.cc(340)] could not read dos header from C:\Program Files (x86)\Google\Chrome\Application\84.0.4147.105\chrome.dll
[0810/222016.531:ERROR:process_memory_win.cc(73)] ReadMemory at 0x7fffbeb00000 of 64 bytes failed: Only part of a ReadProcessMemory or WriteProcessMemory request was completed. (0x12B)
[0810/222016.531:WARNING:pe_image_reader.cc(340)] could not read dos header from C:\WINDOWS\System32\WS2_32.dll
[0810/222016.531:ERROR:process_memory_win.cc(73)] ReadMemory at 0x7fffbd010000 of 64 bytes failed: Only part of a ReadProcessMemory or WriteProcessMemory request was completed. (0x12B)
[0810/222016.531:WARNING:pe_image_reader.cc(340)] could not read dos header from C:\WINDOWS\System32\OLEAUT32.dll
[0810/222016.532:ERROR:process_memory_win.cc(73)] ReadMemory at 0x7fffbc2f0000 of 64 bytes failed: Only part of a ReadProcessMemory or WriteProcessMemory request was completed. (0x12B)
[0810/222016.532:WARNING:pe_image_reader.cc(340)] could not read dos header from C:\WINDOWS\System32\msvcp_win.dll
[0810/222016.532:ERROR:process_memory_win.cc(73)] ReadMemory at 0x7fffbc390000 of 64 bytes failed: Only part of a ReadProcessMemory or WriteProcessMemory request was completed. (0x12B)
[0810/222016.532:WARNING:pe_image_reader.cc(340)] could not read dos header from C:\WINDOWS\System32\ucrtbase.dll
[0810/222016.532:ERROR:process_memory_win.cc(73)] ReadMemory at 0x7fffbd700000 of 64 bytes failed: Only part of a ReadProcessMemory or WriteProcessMemory request was completed. (0x12B)
[0810/222016.532:WARNING:pe_image_reader.cc(340)] could not read dos header from C:\WINDOWS\System32\combase.dll
[0810/222016.532:ERROR:process_memory_win.cc(73)] ReadMemory at 0x7fffbccd0000 of 64 bytes failed: Only part of a ReadProcessMemory or WriteProcessMemory request was completed. (0x12B)
[0810/222016.532:WARNING:pe_image_reader.cc(340)] could not read dos header from C:\WINDOWS\System32\WINTRUST.dll
[0810/222016.532:ERROR:process_memory_win.cc(73)] ReadMemory at 0x7fffbbec0000 of 64 bytes failed: Only part of a ReadProcessMemory or WriteProcessMemory request was completed. (0x12B)
[0810/222016.532:WARNING:pe_image_reader.cc(340)] could not read dos header from C:\WINDOWS\System32\MSASN1.dll
[0810/222016.532:ERROR:process_memory_win.cc(73)] ReadMemory at 0x7fffbc150000 of 64 bytes failed: Only part of a ReadProcessMemory or WriteProcessMemory request was completed. (0x12B)
[0810/222016.532:WARNING:pe_image_reader.cc(340)] could not read dos header from C:\WINDOWS\System32\CRYPT32.dll
[0810/222016.532:ERROR:process_memory_win.cc(73)] ReadMemory at 0x7fffbb390000 of 64 bytes failed: Only part of a ReadProcessMemory or WriteProcessMemory request was completed. (0x12B)
[0810/222016.532:WARNING:pe_image_reader.cc(340)] could not read dos header from C:\WINDOWS\SYSTEM32\IPHLPAPI.DLL
[0810/222016.532:ERROR:process_memory_win.cc(73)] ReadMemory at 0x7fffb9790000 of 64 bytes failed: Only part of a ReadProcessMemory or WriteProcessMemory request was completed. (0x12B)
[0810/222016.532:WARNING:pe_image_reader.cc(340)] could not read dos header from C:\WINDOWS\SYSTEM32\WINMM.dll
[0810/222016.532:ERROR:process_memory_win.cc(73)] ReadMemory at 0x7fffab8c0000 of 64 bytes failed: Only part of a ReadProcessMemory or WriteProcessMemory request was completed. (0x12B)
[0810/222016.532:WARNING:pe_image_reader.cc(340)] could not read dos header from C:\WINDOWS\SYSTEM32\Secur32.dll
[0810/222016.532:ERROR:process_memory_win.cc(73)] ReadMemory at 0x7fffbbd30000 of 64 bytes failed: Only part of a ReadProcessMemory or WriteProcessMemory request was completed. (0x12B)
[0810/222016.532:WARNING:pe_image_reader.cc(340)] could not read dos header from C:\WINDOWS\SYSTEM32\USERENV.dll
[0810/222016.532:ERROR:process_memory_win.cc(73)] ReadMemory at 0x7fffbbe90000 of 64 bytes failed: Only part of a ReadProcessMemory or WriteProcessMemory request was completed. (0x12B)
[0810/222016.532:WARNING:pe_image_reader.cc(340)] could not read dos header from C:\WINDOWS\System32\profapi.dll
[0810/222016.532:ERROR:process_memory_win.cc(73)] ReadMemory at 0x7fff98830000 of 64 bytes failed: Only part of a ReadProcessMemory or WriteProcessMemory request was completed. (0x12B)
[0810/222016.532:WARNING:pe_image_reader.cc(340)] could not read dos header from C:\WINDOWS\SYSTEM32\UIAutomationCore.DLL
[0810/222016.532:ERROR:process_memory_win.cc(73)] ReadMemory at 0x7fffa8240000 of 64 bytes failed: Only part of a ReadProcessMemory or WriteProcessMemory request was completed. (0x12B)
[0810/222016.532:WARNING:pe_image_reader.cc(340)] could not read dos header from C:\WINDOWS\SYSTEM32\DWrite.dll
[0810/222016.532:ERROR:process_memory_win.cc(73)] ReadMemory at 0x7fffafa20000 of 64 bytes failed: Only part of a ReadProcessMemory or WriteProcessMemory request was completed. (0x12B)
[0810/222016.532:WARNING:pe_image_reader.cc(340)] could not read dos header from C:\WINDOWS\SYSTEM32\WINSPOOL.DRV
[0810/222016.532:ERROR:process_memory_win.cc(73)] ReadMemory at 0x7fffbbe20000 of 64 bytes failed: Only part of a ReadProcessMemory or WriteProcessMemory request was completed. (0x12B)
[0810/222016.532:WARNING:pe_image_reader.cc(340)] could not read dos header from C:\WINDOWS\System32\kernel.appcore.dll
[0810/222016.532:ERROR:process_memory_win.cc(73)] ReadMemory at 0x7fffbc120000 of 64 bytes failed: Only part of a ReadProcessMemory or WriteProcessMemory request was completed. (0x12B)
[0810/222016.532:WARNING:pe_image_reader.cc(340)] could not read dos header from C:\WINDOWS\System32\bcrypt.dll
[0810/222016.532:ERROR:process_memory_win.cc(73)] ReadMemory at 0x7fffb01d0000 of 64 bytes failed: Only part of a ReadProcessMemory or WriteProcessMemory request was completed. (0x12B)
[0810/222016.532:WARNING:pe_image_reader.cc(340)] could not read dos header from C:\WINDOWS\SYSTEM32\dbghelp.dll
[0810/222016.532:ERROR:process_memory_win.cc(73)] ReadMemory at 0x7fffb0650000 of 64 bytes failed: Only part of a ReadProcessMemory or WriteProcessMemory request was completed. (0x12B)
[0810/222016.532:WARNING:pe_image_reader.cc(340)] could not read dos header from C:\WINDOWS\SYSTEM32\WINHTTP.dll
[0810/222016.532:ERROR:process_memory_win.cc(73)] ReadMemory at 0x7fffb03e0000 of 64 bytes failed: Only part of a ReadProcessMemory or WriteProcessMemory request was completed. (0x12B)
[0810/222016.533:WARNING:pe_image_reader.cc(340)] could not read dos header from C:\WINDOWS\SYSTEM32\dhcpcsvc.DLL
[0810/222016.533:ERROR:process_memory_win.cc(73)] ReadMemory at 0x7fffbd530000 of 64 bytes failed: Only part of a ReadProcessMemory or WriteProcessMemory request was completed. (0x12B)
[0810/222016.533:WARNING:pe_image_reader.cc(340)] could not read dos header from C:\WINDOWS\System32\NSI.dll
[0810/222016.533:ERROR:process_memory_win.cc(73)] ReadMemory at 0x7fffb9760000 of 64 bytes failed: Only part of a ReadProcessMemory or WriteProcessMemory request was completed. (0x12B)
[0810/222016.533:WARNING:pe_image_reader.cc(340)] could not read dos header from C:\WINDOWS\SYSTEM32\WINMMBASE.dll
[0810/222016.533:ERROR:process_memory_win.cc(73)] ReadMemory at 0x7fffbc2a0000 of 64 bytes failed: Only part of a ReadProcessMemory or WriteProcessMemory request was completed. (0x12B)
[0810/222016.533:WARNING:pe_image_reader.cc(340)] could not read dos header from C:\WINDOWS\System32\cfgmgr32.dll
[0810/222016.533:ERROR:process_memory_win.cc(73)] ReadMemory at 0x7fffb8730000 of 64 bytes failed: Only part of a ReadProcessMemory or WriteProcessMemory request was completed. (0x12B)
[0810/222016.533:WARNING:pe_image_reader.cc(340)] could not read dos header from C:\WINDOWS\SYSTEM32\PROPSYS.dll
[0810/222016.533:ERROR:process_memory_win.cc(73)] ReadMemory at 0x7fffbe1b0000 of 64 bytes failed: Only part of a ReadProcessMemory or WriteProcessMemory request was completed. (0x12B)
[0810/222016.533:WARNING:pe_image_reader.cc(340)] could not read dos header from C:\WINDOWS\System32\shcore.dll
[0810/222016.533:ERROR:process_memory_win.cc(73)] ReadMemory at 0x7fffbbd00000 of 64 bytes failed: Only part of a ReadProcessMemory or WriteProcessMemory request was completed. (0x12B)
[0810/222016.533:WARNING:pe_image_reader.cc(340)] could not read dos header from C:\WINDOWS\SYSTEM32\SSPICLI.DLL
[0810/222016.533:ERROR:process_memory_win.cc(73)] ReadMemory at 0x7fffbb850000 of 64 bytes failed: Only part of a ReadProcessMemory or WriteProcessMemory request was completed. (0x12B)
[0810/222016.533:WARNING:pe_image_reader.cc(340)] could not read dos header from C:\WINDOWS\SYSTEM32\CRYPTBASE.DLL
[0810/222016.533:ERROR:process_memory_win.cc(73)] ReadMemory at 0x7ff7de7b0000 of 64 bytes failed: Only part of a ReadProcessMemory or WriteProcessMemory request was completed. (0x12B)
[0810/222016.533:WARNING:pe_image_reader.cc(340)] could not read dos header from C:\Program Files (x86)\Google\Chrome\Application\chrome.exe
[0810/222016.533:ERROR:process_memory_win.cc(73)] ReadMemory at 0x7fffbef60000 of 64 bytes failed: Only part of a ReadProcessMemory or WriteProcessMemory request was completed. (0x12B)
[0810/222016.533:WARNING:pe_image_reader.cc(340)] could not read dos header from C:\WINDOWS\SYSTEM32\ntdll.dll
[0810/222016.533:ERROR:process_memory_win.cc(73)] ReadMemory at 0x7fffbd540000 of 64 bytes failed: Only part of a ReadProcessMemory or WriteProcessMemory request was completed. (0x12B)
[0810/222016.533:WARNING:pe_image_reader.cc(340)] could not read dos header from C:\WINDOWS\System32\KERNEL32.DLL
[0810/222016.533:ERROR:process_memory_win.cc(73)] ReadMemory at 0x7fffbcd60000 of 64 bytes failed: Only part of a ReadProcessMemory or WriteProcessMemory request was completed. (0x12B)
[0810/222016.533:WARNING:pe_image_reader.cc(340)] could not read dos header from C:\WINDOWS\System32\KERNELBASE.dll
[0810/222016.533:ERROR:process_memory_win.cc(73)] ReadMemory at 0x7fffa87e0000 of 64 bytes failed: Only part of a ReadProcessMemory or WriteProcessMemory request was completed. (0x12B)
[0810/222016.533:WARNING:pe_image_reader.cc(340)] could not read dos header from C:\Program Files (x86)\Google\Chrome\Application\84.0.4147.105\chrome_elf.dll
[0810/222016.533:ERROR:process_memory_win.cc(73)] ReadMemory at 0x7fffb0ab0000 of 64 bytes failed: Only part of a ReadProcessMemory or WriteProcessMemory request was completed. (0x12B)
[0810/222016.533:WARNING:pe_image_reader.cc(340)] could not read dos header from C:\WINDOWS\SYSTEM32\VERSION.dll
[0810/222016.533:ERROR:process_memory_win.cc(73)] ReadMemory at 0x7fffbd490000 of 64 bytes failed: Only part of a ReadProcessMemory or WriteProcessMemory request was completed. (0x12B)
[0810/222016.533:WARNING:pe_image_reader.cc(340)] could not read dos header from C:\WINDOWS\System32\msvcrt.dll
[0810/222016.533:ERROR:process_memory_win.cc(73)] ReadMemory at 0x7fffbc0a0000 of 64 bytes failed: Only part of a ReadProcessMemory or WriteProcessMemory request was completed. (0x12B)
[0810/222016.533:WARNING:pe_image_reader.cc(340)] could not read dos header from C:\WINDOWS\System32\bcryptPrimitives.dll
[0810/222016.533:ERROR:process_memory_win.cc(73)] ReadMemory at 0x7fffbd0e0000 of 64 bytes failed: Only part of a ReadProcessMemory or WriteProcessMemory request was completed. (0x12B)
[0810/222016.533:WARNING:pe_image_reader.cc(340)] could not read dos header from C:\WINDOWS\System32\ADVAPI32.dll
[0810/222016.533:ERROR:process_memory_win.cc(73)] ReadMemory at 0x7fffbd660000 of 64 bytes failed: Only part of a ReadProcessMemory or WriteProcessMemory request was completed. (0x12B)
[0810/222016.533:WARNING:pe_image_reader.cc(340)] could not read dos header from C:\WINDOWS\System32\sechost.dll
[0810/222016.533:ERROR:process_memory_win.cc(73)] ReadMemory at 0x7fffbe290000 of 64 bytes failed: Only part of a ReadProcessMemory or WriteProcessMemory request was completed. (0x12B)
[0810/222016.533:WARNING:pe_image_reader.cc(340)] could not read dos header from C:\WINDOWS\System32\RPCRT4.dll
[0810/222016.533:ERROR:process_memory_win.cc(73)] ReadMemory at 0x7fff2cf90000 of 64 bytes failed: Only part of a ReadProcessMemory or WriteProcessMemory request was completed. (0x12B)
[0810/222016.533:WARNING:pe_image_reader.cc(340)] could not read dos header from C:\Program Files (x86)\Google\Chrome\Application\84.0.4147.105\chrome.dll
[0810/222016.533:ERROR:process_memory_win.cc(73)] ReadMemory at 0x7fffbeb00000 of 64 bytes failed: Only part of a ReadProcessMemory or WriteProcessMemory request was completed. (0x12B)
[0810/222016.533:WARNING:pe_image_reader.cc(340)] could not read dos header from C:\WINDOWS\System32\WS2_32.dll
[0810/222016.533:ERROR:process_memory_win.cc(73)] ReadMemory at 0x7fffbd010000 of 64 bytes failed: Only part of a ReadProcessMemory or WriteProcessMemory request was completed. (0x12B)
[0810/222016.533:WARNING:pe_image_reader.cc(340)] could not read dos header from C:\WINDOWS\System32\OLEAUT32.dll
[0810/222016.533:ERROR:process_memory_win.cc(73)] ReadMemory at 0x7fffbc2f0000 of 64 bytes failed: Only part of a ReadProcessMemory or WriteProcessMemory request was completed. (0x12B)
[0810/222016.533:WARNING:pe_image_reader.cc(340)] could not read dos header from C:\WINDOWS\System32\msvcp_win.dll
[0810/222016.533:ERROR:process_memory_win.cc(73)] ReadMemory at 0x7fffbc390000 of 64 bytes failed: Only part of a ReadProcessMemory or WriteProcessMemory request was completed. (0x12B)
[0810/222016.533:WARNING:pe_image_reader.cc(340)] could not read dos header from C:\WINDOWS\System32\ucrtbase.dll
[0810/222016.533:ERROR:process_memory_win.cc(73)] ReadMemory at 0x7fffbd700000 of 64 bytes failed: Only part of a ReadProcessMemory or WriteProcessMemory request was completed. (0x12B)
[0810/222016.533:WARNING:pe_image_reader.cc(340)] could not read dos header from C:\WINDOWS\System32\combase.dll
[0810/222016.533:ERROR:process_memory_win.cc(73)] ReadMemory at 0x7fffbccd0000 of 64 bytes failed: Only part of a ReadProcessMemory or WriteProcessMemory request was completed. (0x12B)
[0810/222016.533:WARNING:pe_image_reader.cc(340)] could not read dos header from C:\WINDOWS\System32\WINTRUST.dll
[0810/222016.533:ERROR:process_memory_win.cc(73)] ReadMemory at 0x7fffbbec0000 of 64 bytes failed: Only part of a ReadProcessMemory or WriteProcessMemory request was completed. (0x12B)
[0810/222016.533:WARNING:pe_image_reader.cc(340)] could not read dos header from C:\WINDOWS\System32\MSASN1.dll
[0810/222016.533:ERROR:process_memory_win.cc(73)] ReadMemory at 0x7fffbc150000 of 64 bytes failed: Only part of a ReadProcessMemory or WriteProcessMemory request was completed. (0x12B)
[0810/222016.533:WARNING:pe_image_reader.cc(340)] could not read dos header from C:\WINDOWS\System32\CRYPT32.dll
[0810/222016.533:ERROR:process_memory_win.cc(73)] ReadMemory at 0x7fffbb390000 of 64 bytes failed: Only part of a ReadProcessMemory or WriteProcessMemory request was completed. (0x12B)
[0810/222016.533:WARNING:pe_image_reader.cc(340)] could not read dos header from C:\WINDOWS\SYSTEM32\IPHLPAPI.DLL
[0810/222016.533:ERROR:process_memory_win.cc(73)] ReadMemory at 0x7fffb9790000 of 64 bytes failed: Only part of a ReadProcessMemory or WriteProcessMemory request was completed. (0x12B)
[0810/222016.533:WARNING:pe_image_reader.cc(340)] could not read dos header from C:\WINDOWS\SYSTEM32\WINMM.dll
[0810/222016.533:ERROR:process_memory_win.cc(73)] ReadMemory at 0x7fffab8c0000 of 64 bytes failed: Only part of a ReadProcessMemory or WriteProcessMemory request was completed. (0x12B)
[0810/222016.533:WARNING:pe_image_reader.cc(340)] could not read dos header from C:\WINDOWS\SYSTEM32\Secur32.dll
[0810/222016.533:ERROR:process_memory_win.cc(73)] ReadMemory at 0x7fffbbd30000 of 64 bytes failed: Only part of a ReadProcessMemory or WriteProcessMemory request was completed. (0x12B)
[0810/222016.533:WARNING:pe_image_reader.cc(340)] could not read dos header from C:\WINDOWS\SYSTEM32\USERENV.dll
[0810/222016.533:ERROR:process_memory_win.cc(73)] ReadMemory at 0x7fffbbe90000 of 64 bytes failed: Only part of a ReadProcessMemory or WriteProcessMemory request was completed. (0x12B)
[0810/222016.533:WARNING:pe_image_reader.cc(340)] could not read dos header from C:\WINDOWS\System32\profapi.dll
[0810/222016.533:ERROR:process_memory_win.cc(73)] ReadMemory at 0x7fff98830000 of 64 bytes failed: Only part of a ReadProcessMemory or WriteProcessMemory request was completed. (0x12B)
[0810/222016.533:WARNING:pe_image_reader.cc(340)] could not read dos header from C:\WINDOWS\SYSTEM32\UIAutomationCore.DLL
[0810/222016.533:ERROR:process_memory_win.cc(73)] ReadMemory at 0x7fffa8240000 of 64 bytes failed: Only part of a ReadProcessMemory or WriteProcessMemory request was completed. (0x12B)
[0810/222016.533:WARNING:pe_image_reader.cc(340)] could not read dos header from C:\WINDOWS\SYSTEM32\DWrite.dll
[0810/222016.534:ERROR:process_memory_win.cc(73)] ReadMemory at 0x7fffafa20000 of 64 bytes failed: Only part of a ReadProcessMemory or WriteProcessMemory request was completed. (0x12B)
[0810/222016.534:WARNING:pe_image_reader.cc(340)] could not read dos header from C:\WINDOWS\SYSTEM32\WINSPOOL.DRV
[0810/222016.534:ERROR:process_memory_win.cc(73)] ReadMemory at 0x7fffbbe20000 of 64 bytes failed: Only part of a ReadProcessMemory or WriteProcessMemory request was completed. (0x12B)
[0810/222016.534:WARNING:pe_image_reader.cc(340)] could not read dos header from C:\WINDOWS\System32\kernel.appcore.dll
[0810/222016.534:ERROR:process_memory_win.cc(73)] ReadMemory at 0x7fffbc120000 of 64 bytes failed: Only part of a ReadProcessMemory or WriteProcessMemory request was completed. (0x12B)
[0810/222016.534:WARNING:pe_image_reader.cc(340)] could not read dos header from C:\WINDOWS\System32\bcrypt.dll
[0810/222016.534:ERROR:process_memory_win.cc(73)] ReadMemory at 0x7fffb01d0000 of 64 bytes failed: Only part of a ReadProcessMemory or WriteProcessMemory request was completed. (0x12B)
[0810/222016.534:WARNING:pe_image_reader.cc(340)] could not read dos header from C:\WINDOWS\SYSTEM32\dbghelp.dll
[0810/222016.534:ERROR:process_memory_win.cc(73)] ReadMemory at 0x7fffb0650000 of 64 bytes failed: Only part of a ReadProcessMemory or WriteProcessMemory request was completed. (0x12B)
[0810/222016.534:WARNING:pe_image_reader.cc(340)] could not read dos header from C:\WINDOWS\SYSTEM32\WINHTTP.dll
[0810/222016.534:ERROR:process_memory_win.cc(73)] ReadMemory at 0x7fffb03e0000 of 64 bytes failed: Only part of a ReadProcessMemory or WriteProcessMemory request was completed. (0x12B)
[0810/222016.534:WARNING:pe_image_reader.cc(340)] could not read dos header from C:\WINDOWS\SYSTEM32\dhcpcsvc.DLL
[0810/222016.534:ERROR:process_memory_win.cc(73)] ReadMemory at 0x7fffbd530000 of 64 bytes failed: Only part of a ReadProcessMemory or WriteProcessMemory request was completed. (0x12B)
[0810/222016.534:WARNING:pe_image_reader.cc(340)] could not read dos header from C:\WINDOWS\System32\NSI.dll
[0810/222016.534:ERROR:process_memory_win.cc(73)] ReadMemory at 0x7fffb9760000 of 64 bytes failed: Only part of a ReadProcessMemory or WriteProcessMemory request was completed. (0x12B)
[0810/222016.534:WARNING:pe_image_reader.cc(340)] could not read dos header from C:\WINDOWS\SYSTEM32\WINMMBASE.dll
[0810/222016.534:ERROR:process_memory_win.cc(73)] ReadMemory at 0x7fffbc2a0000 of 64 bytes failed: Only part of a ReadProcessMemory or WriteProcessMemory request was completed. (0x12B)
[0810/222016.534:WARNING:pe_image_reader.cc(340)] could not read dos header from C:\WINDOWS\System32\cfgmgr32.dll
[0810/222016.534:ERROR:process_memory_win.cc(73)] ReadMemory at 0x7fffb8730000 of 64 bytes failed: Only part of a ReadProcessMemory or WriteProcessMemory request was completed. (0x12B)
[0810/222016.534:WARNING:pe_image_reader.cc(340)] could not read dos header from C:\WINDOWS\SYSTEM32\PROPSYS.dll
[0810/222016.534:ERROR:process_memory_win.cc(73)] ReadMemory at 0x7fffbe1b0000 of 64 bytes failed: Only part of a ReadProcessMemory or WriteProcessMemory request was completed. (0x12B)
[0810/222016.534:WARNING:pe_image_reader.cc(340)] could not read dos header from C:\WINDOWS\System32\shcore.dll
[0810/222016.534:ERROR:process_memory_win.cc(73)] ReadMemory at 0x7fffbbd00000 of 64 bytes failed: Only part of a ReadProcessMemory or WriteProcessMemory request was completed. (0x12B)
[0810/222016.534:WARNING:pe_image_reader.cc(340)] could not read dos header from C:\WINDOWS\SYSTEM32\SSPICLI.DLL
[0810/222016.534:ERROR:process_memory_win.cc(73)] ReadMemory at 0x7fffbb850000 of 64 bytes failed: Only part of a ReadProcessMemory or WriteProcessMemory request was completed. (0x12B)
[0810/222016.534:WARNING:pe_image_reader.cc(340)] could not read dos header from C:\WINDOWS\SYSTEM32\CRYPTBASE.DLL
[0810/222016.579:ERROR:process_memory_win.cc(73)] ReadMemory at 0xc17b1d5000 of 176128 bytes failed: Only part of a ReadProcessMemory or WriteProcessMemory request was completed. (0x12B)
[0810/222016.579:ERROR:process_memory_win.cc(73)] ReadMemory at 0xc17b9fd000 of 12288 bytes failed: Only part of a ReadProcessMemory or WriteProcessMemory request was completed. (0x12B)
[0810/222016.579:ERROR:process_memory_win.cc(73)] ReadMemory at 0xc17d1fb000 of 20480 bytes failed: Only part of a ReadProcessMemory or WriteProcessMemory request was completed. (0x12B)
[0810/222016.579:ERROR:process_memory_win.cc(73)] ReadMemory at 0xc17d9fe000 of 8192 bytes failed: Only part of a ReadProcessMemory or WriteProcessMemory request was completed. (0x12B)
[0810/222016.579:ERROR:process_memory_win.cc(73)] ReadMemory at 0xc17e1fd000 of 12288 bytes failed: Only part of a ReadProcessMemory or WriteProcessMemory request was completed. (0x12B)
[0810/222016.580:ERROR:process_memory_win.cc(73)] ReadMemory at 0xc17e9fb000 of 20480 bytes failed: Only part of a ReadProcessMemory or WriteProcessMemory request was completed. (0x12B)
[0810/222016.580:ERROR:process_memory_win.cc(73)] ReadMemory at 0xc17f9fb000 of 20480 bytes failed: Only part of a ReadProcessMemory or WriteProcessMemory request was completed. (0x12B)
[0810/222016.580:ERROR:process_memory_win.cc(73)] ReadMemory at 0xc1007f4000 of 49152 bytes failed: Only part of a ReadProcessMemory or WriteProcessMemory request was completed. (0x12B)
[0810/222016.580:ERROR:process_memory_win.cc(73)] ReadMemory at 0xc100ff5000 of 45056 bytes failed: Only part of a ReadProcessMemory or WriteProcessMemory request was completed. (0x12B)
[0810/222016.580:ERROR:process_memory_win.cc(73)] ReadMemory at 0xc1017fb000 of 20480 bytes failed: Only part of a ReadProcessMemory or WriteProcessMemory request was completed. (0x12B)
[0810/222016.580:ERROR:process_memory_win.cc(73)] ReadMemory at 0xc102ff6000 of 40960 bytes failed: Only part of a ReadProcessMemory or WriteProcessMemory request was completed. (0x12B)
[0810/222016.580:ERROR:process_memory_win.cc(73)] ReadMemory at 0xc1037fa000 of 24576 bytes failed: Only part of a ReadProcessMemory or WriteProcessMemory request was completed. (0x12B)
[0810/222016.580:ERROR:process_memory_win.cc(73)] ReadMemory at 0xc103ffd000 of 12288 bytes failed: Only part of a ReadProcessMemory or WriteProcessMemory request was completed. (0x12B)
[0810/222016.580:ERROR:process_memory_win.cc(73)] ReadMemory at 0xc1047fd000 of 12288 bytes failed: Only part of a ReadProcessMemory or WriteProcessMemory request was completed. (0x12B)
[0810/222016.580:ERROR:process_memory_win.cc(73)] ReadMemory at 0xc1057fc000 of 16384 bytes failed: Only part of a ReadProcessMemory or WriteProcessMemory request was completed. (0x12B)
[0810/222016.580:ERROR:process_memory_win.cc(73)] ReadMemory at 0xc104ff6000 of 40960 bytes failed: Only part of a ReadProcessMemory or WriteProcessMemory request was completed. (0x12B)
[0810/222016.580:ERROR:process_memory_win.cc(73)] ReadMemory at 0xc105ff6000 of 40960 bytes failed: Only part of a ReadProcessMemory or WriteProcessMemory request was completed. (0x12B)
[0810/222016.581:ERROR:process_memory_win.cc(73)] ReadMemory at 0xc1067f6000 of 40960 bytes failed: Only part of a ReadProcessMemory or WriteProcessMemory request was completed. (0x12B)
[0810/222016.581:ERROR:process_memory_win.cc(73)] ReadMemory at 0xc106ffd000 of 12288 bytes failed: Only part of a ReadProcessMemory or WriteProcessMemory request was completed. (0x12B)
[0810/222016.581:ERROR:process_memory_win.cc(73)] ReadMemory at 0xc108ffd000 of 12288 bytes failed: Only part of a ReadProcessMemory or WriteProcessMemory request was completed. (0x12B)
[0810/222016.581:ERROR:process_memory_win.cc(73)] ReadMemory at 0xc101fff000 of 4096 bytes failed: Only part of a ReadProcessMemory or WriteProcessMemory request was completed. (0x12B)
[0810/222016.734:ERROR:process_memory_win.cc(73)] ReadMemory at 0xc17a801000 of 852 bytes failed: Only part of a ReadProcessMemory or WriteProcessMemory request was completed. (0x12B)
[0810/222016.734:ERROR:process_memory_win.cc(73)] ReadMemory at 0xc17a802000 of 6024 bytes failed: Only part of a ReadProcessMemory or WriteProcessMemory request was completed. (0x12B)
[0810/222016.734:ERROR:process_memory_win.cc(73)] ReadMemory at 0xc17a804000 of 6024 bytes failed: Only part of a ReadProcessMemory or WriteProcessMemory request was completed. (0x12B)
[0810/222016.734:ERROR:process_memory_win.cc(73)] ReadMemory at 0xc17a80a000 of 6024 bytes failed: Only part of a ReadProcessMemory or WriteProcessMemory request was completed. (0x12B)
[0810/222016.734:ERROR:process_memory_win.cc(73)] ReadMemory at 0xc17a80c000 of 6024 bytes failed: Only part of a ReadProcessMemory or WriteProcessMemory request was completed. (0x12B)
[0810/222016.734:ERROR:process_memory_win.cc(73)] ReadMemory at 0xc17a80e000 of 6024 bytes failed: Only part of a ReadProcessMemory or WriteProcessMemory request was completed. (0x12B)
[0810/222016.734:ERROR:process_memory_win.cc(73)] ReadMemory at 0xc17a810000 of 6024 bytes failed: Only part of a ReadProcessMemory or WriteProcessMemory request was completed. (0x12B)
[0810/222016.735:ERROR:process_memory_win.cc(73)] ReadMemory at 0xc17a814000 of 6024 bytes failed: Only part of a ReadProcessMemory or WriteProcessMemory request was completed. (0x12B)
[0810/222016.735:ERROR:process_memory_win.cc(73)] ReadMemory at 0xc17a816000 of 6024 bytes failed: Only part of a ReadProcessMemory or WriteProcessMemory request was completed. (0x12B)
[0810/222016.735:ERROR:process_memory_win.cc(73)] ReadMemory at 0xc17a818000 of 6024 bytes failed: Only part of a ReadProcessMemory or WriteProcessMemory request was completed. (0x12B)
[0810/222016.735:ERROR:process_memory_win.cc(73)] ReadMemory at 0xc17a81a000 of 6024 bytes failed: Only part of a ReadProcessMemory or WriteProcessMemory request was completed. (0x12B)
[0810/222016.735:ERROR:process_memory_win.cc(73)] ReadMemory at 0xc17a820000 of 6024 bytes failed: Only part of a ReadProcessMemory or WriteProcessMemory request was completed. (0x12B)
[0810/222016.735:ERROR:process_memory_win.cc(73)] ReadMemory at 0xc17a822000 of 6024 bytes failed: Only part of a ReadProcessMemory or WriteProcessMemory request was completed. (0x12B)
[0810/222016.735:ERROR:process_memory_win.cc(73)] ReadMemory at 0xc17a826000 of 6024 bytes failed: Only part of a ReadProcessMemory or WriteProcessMemory request was completed. (0x12B)
[0810/222016.735:ERROR:process_memory_win.cc(73)] ReadMemory at 0xc17a828000 of 6024 bytes failed: Only part of a ReadProcessMemory or WriteProcessMemory request was completed. (0x12B)
[0810/222016.735:ERROR:process_memory_win.cc(73)] ReadMemory at 0xc17a82c000 of 6024 bytes failed: Only part of a ReadProcessMemory or WriteProcessMemory request was completed. (0x12B)
[0810/222016.735:ERROR:process_memory_win.cc(73)] ReadMemory at 0xc17a82e000 of 6024 bytes failed: Only part of a ReadProcessMemory or WriteProcessMemory request was completed. (0x12B)
[0810/222016.735:ERROR:process_memory_win.cc(73)] ReadMemory at 0xc17a830000 of 6024 bytes failed: Only part of a ReadProcessMemory or WriteProcessMemory request was completed. (0x12B)
[0810/222016.735:ERROR:process_memory_win.cc(73)] ReadMemory at 0xc17a832000 of 6024 bytes failed: Only part of a ReadProcessMemory or WriteProcessMemory request was completed. (0x12B)
[0810/222016.735:ERROR:process_memory_win.cc(73)] ReadMemory at 0xc17a834000 of 6024 bytes failed: Only part of a ReadProcessMemory or WriteProcessMemory request was completed. (0x12B)
[0810/222016.735:ERROR:process_memory_win.cc(73)] ReadMemory at 0xc17a84e000 of 6024 bytes failed: Only part of a ReadProcessMemory or WriteProcessMemory request was completed. (0x12B)
[0810/222016.736:ERROR:process_memory_win.cc(73)] ReadMemory at 0xc17a850000 of 6024 bytes failed: Only part of a ReadProcessMemory or WriteProcessMemory request was completed. (0x12B)
[0810/222016.736:ERROR:process_memory_win.cc(73)] ReadMemory at 0x2c0838fff80 of 512 bytes failed: Only part of a ReadProcessMemory or WriteProcessMemory request was completed. (0x12B)
[0810/222016.736:ERROR:process_memory_win.cc(73)] ReadMemory at 0x2c083900fe0 of 26884 bytes failed: Only part of a ReadProcessMemory or WriteProcessMemory request was completed. (0x12B)
[0810/222016.736:ERROR:process_memory_win.cc(73)] ReadMemory at 0x2c0839078f0 of 1012 bytes failed: Only part of a ReadProcessMemory or WriteProcessMemory request was completed. (0x12B)
[0810/222016.736:ERROR:process_memory_win.cc(73)] ReadMemory at 0x2c083907f38 of 118 bytes failed: Only part of a ReadProcessMemory or WriteProcessMemory request was completed. (0x12B)
[0810/222016.736:ERROR:process_memory_win.cc(73)] ReadMemory at 0x2c083907fb0 of 756 bytes failed: Only part of a ReadProcessMemory or WriteProcessMemory request was completed. (0x12B)
[0810/222016.736:ERROR:process_memory_win.cc(73)] ReadMemory at 0x2c0839082a6 of 118 bytes failed: Only part of a ReadProcessMemory or WriteProcessMemory request was completed. (0x12B)
[0810/222016.736:ERROR:process_memory_win.cc(73)] ReadMemory at 0x2c08390831e of 102 bytes failed: Only part of a ReadProcessMemory or WriteProcessMemory request was completed. (0x12B)
[0810/222016.736:ERROR:process_memory_win.cc(73)] ReadMemory at 0x2c083908390 of 58 bytes failed: Only part of a ReadProcessMemory or WriteProcessMemory request was completed. (0x12B)
[0810/222016.736:ERROR:process_memory_win.cc(73)] ReadMemory at 0x2c083908490 of 132 bytes failed: Only part of a ReadProcessMemory or WriteProcessMemory request was completed. (0x12B)
[0810/222016.736:ERROR:process_memory_win.cc(73)] ReadMemory at 0x2c083908620 of 132 bytes failed: Only part of a ReadProcessMemory or WriteProcessMemory request was completed. (0x12B)
[0810/222016.736:ERROR:process_memory_win.cc(73)] ReadMemory at 0x2c0839087e0 of 126 bytes failed: Only part of a ReadProcessMemory or WriteProcessMemory request was completed. (0x12B)
[0810/222016.736:ERROR:process_memory_win.cc(73)] ReadMemory at 0x2c083908bc0 of 132 bytes failed: Only part of a ReadProcessMemory or WriteProcessMemory request was completed. (0x12B)
[0810/222016.736:ERROR:process_memory_win.cc(73)] ReadMemory at 0x2c083908d50 of 64 bytes failed: Only part of a ReadProcessMemory or WriteProcessMemory request was completed. (0x12B)
[0810/222016.736:ERROR:process_memory_win.cc(73)] ReadMemory at 0x2c083908f10 of 132 bytes failed: Only part of a ReadProcessMemory or WriteProcessMemory request was completed. (0x12B)
[0810/222016.736:ERROR:process_memory_win.cc(73)] ReadMemory at 0x2c0839091b0 of 132 bytes failed: Only part of a ReadProcessMemory or WriteProcessMemory request was completed. (0x12B)
[0810/222016.737:ERROR:process_memory_win.cc(73)] ReadMemory at 0x2c083909340 of 68 bytes failed: Only part of a ReadProcessMemory or WriteProcessMemory request was completed. (0x12B)
[0810/222016.737:ERROR:process_memory_win.cc(73)] ReadMemory at 0x2c08390a410 of 132 bytes failed: Only part of a ReadProcessMemory or WriteProcessMemory request was completed. (0x12B)
[0810/222016.737:ERROR:process_memory_win.cc(73)] ReadMemory at 0x2c08390a5a0 of 154 bytes failed: Only part of a ReadProcessMemory or WriteProcessMemory request was completed. (0x12B)
[0810/222016.737:ERROR:process_memory_win.cc(73)] ReadMemory at 0x2c08390b3b0 of 62 bytes failed: Only part of a ReadProcessMemory or WriteProcessMemory request was completed. (0x12B)
[0810/222016.737:ERROR:process_memory_win.cc(73)] ReadMemory at 0x2c08390b510 of 132 bytes failed: Only part of a ReadProcessMemory or WriteProcessMemory request was completed. (0x12B)
[0810/222016.752:ERROR:process_memory_win.cc(73)] ReadMemory at 0x2c08390b6a0 of 60 bytes failed: Only part of a ReadProcessMemory or WriteProcessMemory request was completed. (0x12B)
[0810/222016.752:ERROR:process_memory_win.cc(73)] ReadMemory at 0x2c08391c320 of 60 bytes failed: Only part of a ReadProcessMemory or WriteProcessMemory request was completed. (0x12B)
[0810/222016.752:ERROR:process_memory_win.cc(73)] ReadMemory at 0x2c08391c460 of 62 bytes failed: Only part of a ReadProcessMemory or WriteProcessMemory request was completed. (0x12B)
[0810/222016.752:ERROR:process_memory_win.cc(73)] ReadMemory at 0x2c08391c4b0 of 64 bytes failed: Only part of a ReadProcessMemory or WriteProcessMemory request was completed. (0x12B)
[0810/222016.752:ERROR:process_memory_win.cc(73)] ReadMemory at 0x2c08391c730 of 64 bytes failed: Only part of a ReadProcessMemory or WriteProcessMemory request was completed. (0x12B)
[0810/222016.752:ERROR:process_memory_win.cc(73)] ReadMemory at 0x2c08391c780 of 60 bytes failed: Only part of a ReadProcessMemory or WriteProcessMemory request was completed. (0x12B)
[0810/222016.752:ERROR:process_memory_win.cc(73)] ReadMemory at 0x2c08391c7d0 of 66 bytes failed: Only part of a ReadProcessMemory or WriteProcessMemory request was completed. (0x12B)
[0810/222016.752:ERROR:process_memory_win.cc(73)] ReadMemory at 0x2c08391c8c0 of 62 bytes failed: Only part of a ReadProcessMemory or WriteProcessMemory request was completed. (0x12B)
[0810/222016.752:ERROR:process_memory_win.cc(73)] ReadMemory at 0x2c08391c910 of 60 bytes failed: Only part of a ReadProcessMemory or WriteProcessMemory request was completed. (0x12B)
[0810/222016.752:ERROR:process_memory_win.cc(73)] ReadMemory at 0x2c08391c960 of 64 bytes failed: Only part of a ReadProcessMemory or WriteProcessMemory request was completed. (0x12B)
[0810/222016.752:ERROR:process_memory_win.cc(73)] ReadMemory at 0x2c08391c9b0 of 64 bytes failed: Only part of a ReadProcessMemory or WriteProcessMemory request was completed. (0x12B)
[0810/222016.752:ERROR:process_memory_win.cc(73)] ReadMemory at 0x2c08391ca50 of 62 bytes failed: Only part of a ReadProcessMemory or WriteProcessMemory request was completed. (0x12B)
[0810/222016.752:ERROR:process_memory_win.cc(73)] ReadMemory at 0x2c08391cb90 of 58 bytes failed: Only part of a ReadProcessMemory or WriteProcessMemory request was completed. (0x12B)
[0810/222016.752:ERROR:process_memory_win.cc(73)] ReadMemory at 0x2c08391cdc0 of 64 bytes failed: Only part of a ReadProcessMemory or WriteProcessMemory request was completed. (0x12B)
[0810/222016.930:ERROR:process_memory_win.cc(73)] ReadMemory at 0x2c08391e6f0 of 54 bytes failed: Only part of a ReadProcessMemory or WriteProcessMemory request was completed. (0x12B)
[0810/222016.930:ERROR:process_memory_win.cc(73)] ReadMemory at 0x2c0839238a0 of 132 bytes failed: Only part of a ReadProcessMemory or WriteProcessMemory request was completed. (0x12B)
[0810/222016.930:ERROR:process_memory_win.cc(73)] ReadMemory at 0x2c083923a20 of 62 bytes failed: Only part of a ReadProcessMemory or WriteProcessMemory request was completed. (0x12B)
[0810/222016.930:ERROR:process_memory_win.cc(73)] ReadMemory at 0x2c083923b60 of 62 bytes failed: Only part of a ReadProcessMemory or WriteProcessMemory request was completed. (0x12B)
[0810/222016.930:ERROR:process_memory_win.cc(73)] ReadMemory at 0x2c083923c00 of 66 bytes failed: Only part of a ReadProcessMemory or WriteProcessMemory request was completed. (0x12B)
[0810/222016.930:ERROR:process_memory_win.cc(73)] ReadMemory at 0x2c083924010 of 60 bytes failed: Only part of a ReadProcessMemory or WriteProcessMemory request was completed. (0x12B)
[0810/222016.930:ERROR:process_memory_win.cc(73)] ReadMemory at 0x2c083924290 of 62 bytes failed: Only part of a ReadProcessMemory or WriteProcessMemory request was completed. (0x12B)
[0810/222016.931:ERROR:process_memory_win.cc(73)] ReadMemory at 0x2c083924330 of 60 bytes failed: Only part of a ReadProcessMemory or WriteProcessMemory request was completed. (0x12B)
[0810/222016.931:ERROR:process_memory_win.cc(73)] ReadMemory at 0x2c083924470 of 60 bytes failed: Only part of a ReadProcessMemory or WriteProcessMemory request was completed. (0x12B)
[0810/222016.931:ERROR:process_memory_win.cc(73)] ReadMemory at 0x2c083924510 of 62 bytes failed: Only part of a ReadProcessMemory or WriteProcessMemory request was completed. (0x12B)
[0810/222016.931:ERROR:process_memory_win.cc(73)] ReadMemory at 0x2c0839245b0 of 62 bytes failed: Only part of a ReadProcessMemory or WriteProcessMemory request was completed. (0x12B)
[0810/222016.931:ERROR:process_memory_win.cc(73)] ReadMemory at 0x2c083924600 of 64 bytes failed: Only part of a ReadProcessMemory or WriteProcessMemory request was completed. (0x12B)
[0810/222016.931:ERROR:process_memory_win.cc(73)] ReadMemory at 0x2c083924740 of 64 bytes failed: Only part of a ReadProcessMemory or WriteProcessMemory request was completed. (0x12B)
[0810/222016.931:ERROR:process_memory_win.cc(73)] ReadMemory at 0x2c083924790 of 64 bytes failed: Only part of a ReadProcessMemory or WriteProcessMemory request was completed. (0x12B)
[0810/222016.931:ERROR:process_memory_win.cc(73)] ReadMemory at 0x2c0839247e0 of 62 bytes failed: Only part of a ReadProcessMemory or WriteProcessMemory request was completed. (0x12B)
[0810/222016.931:ERROR:process_memory_win.cc(73)] ReadMemory at 0x2c0839248d0 of 62 bytes failed: Only part of a ReadProcessMemory or WriteProcessMemory request was completed. (0x12B)
[0810/222016.931:ERROR:process_memory_win.cc(73)] ReadMemory at 0x2c083927b00 of 80 bytes failed: Only part of a ReadProcessMemory or WriteProcessMemory request was completed. (0x12B)
[0810/222016.931:ERROR:process_memory_win.cc(73)] ReadMemory at 0x2c083928820 of 76 bytes failed: Only part of a ReadProcessMemory or WriteProcessMemory request was completed. (0x12B)
[0810/222016.931:ERROR:process_memory_win.cc(73)] ReadMemory at 0x2c08392ac80 of 80 bytes failed: Only part of a ReadProcessMemory or WriteProcessMemory request was completed. (0x12B)
[0810/222016.945:ERROR:process_memory_win.cc(73)] ReadMemory at 0x2c08392b4f0 of 132 bytes failed: Only part of a ReadProcessMemory or WriteProcessMemory request was completed. (0x12B)
[0810/222016.946:ERROR:process_memory_win.cc(73)] ReadMemory at 0x2c08392d450 of 132 bytes failed: Only part of a ReadProcessMemory or WriteProcessMemory request was completed. (0x12B)
[0810/222016.946:ERROR:process_memory_win.cc(73)] ReadMemory at 0x2c08392d670 of 132 bytes failed: Only part of a ReadProcessMemory or WriteProcessMemory request was completed. (0x12B)
[0810/222016.946:ERROR:process_memory_win.cc(73)] ReadMemory at 0x2c08392d9d0 of 132 bytes failed: Only part of a ReadProcessMemory or WriteProcessMemory request was completed. (0x12B)
[0810/222016.946:ERROR:process_memory_win.cc(73)] ReadMemory at 0x2c08392f5a0 of 132 bytes failed: Only part of a ReadProcessMemory or WriteProcessMemory request was completed. (0x12B)
[0810/222016.946:ERROR:process_memory_win.cc(73)] ReadMemory at 0x2c08392f7e0 of 132 bytes failed: Only part of a ReadProcessMemory or WriteProcessMemory request was completed. (0x12B)
[0810/222016.946:ERROR:process_memory_win.cc(73)] ReadMemory at 0x2c08392f910 of 132 bytes failed: Only part of a ReadProcessMemory or WriteProcessMemory request was completed. (0x12B)
[0810/222016.946:ERROR:process_memory_win.cc(73)] ReadMemory at 0x2c08392fa40 of 132 bytes failed: Only part of a ReadProcessMemory or WriteProcessMemory request was completed. (0x12B)
[0810/222016.946:ERROR:process_memory_win.cc(73)] ReadMemory at 0x2c08392fb70 of 132 bytes failed: Only part of a ReadProcessMemory or WriteProcessMemory request was completed. (0x12B)
[0810/222016.947:ERROR:process_memory_win.cc(73)] ReadMemory at 0x2c08392fca0 of 132 bytes failed: Only part of a ReadProcessMemory or WriteProcessMemory request was completed. (0x12B)
[0810/222016.948:ERROR:process_memory_win.cc(73)] ReadMemory at 0x2c08392fdd0 of 132 bytes failed: Only part of a ReadProcessMemory or WriteProcessMemory request was completed. (0x12B)
[0810/222016.948:ERROR:process_memory_win.cc(73)] ReadMemory at 0x2c0839315a0 of 132 bytes failed: Only part of a ReadProcessMemory or WriteProcessMemory request was completed. (0x12B)
[0810/222016.948:ERROR:process_memory_win.cc(73)] ReadMemory at 0x2c083932c60 of 132 bytes failed: Only part of a ReadProcessMemory or WriteProcessMemory request was completed. (0x12B)
[0810/222016.948:ERROR:process_memory_win.cc(73)] ReadMemory at 0x2c083932d90 of 146 bytes failed: Only part of a ReadProcessMemory or WriteProcessMemory request was completed. (0x12B)
[0810/222016.948:ERROR:process_memory_win.cc(73)] ReadMemory at 0x2c083934db0 of 132 bytes failed: Only part of a ReadProcessMemory or WriteProcessMemory request was completed. (0x12B)
[0810/222016.983:ERROR:process_memory_win.cc(73)] ReadMemory at 0x2c083935020 of 132 bytes failed: Only part of a ReadProcessMemory or WriteProcessMemory request was completed. (0x12B)
[0810/222016.983:ERROR:process_memory_win.cc(73)] ReadMemory at 0x2c083935150 of 132 bytes failed: Only part of a ReadProcessMemory or WriteProcessMemory request was completed. (0x12B)
[0810/222016.983:ERROR:process_memory_win.cc(73)] ReadMemory at 0x2c083935610 of 132 bytes failed: Only part of a ReadProcessMemory or WriteProcessMemory request was completed. (0x12B)
[0810/222016.983:ERROR:process_memory_win.cc(73)] ReadMemory at 0x2c083935870 of 132 bytes failed: Only part of a ReadProcessMemory or WriteProcessMemory request was completed. (0x12B)
[0810/222016.983:ERROR:process_memory_win.cc(73)] ReadMemory at 0x2c0839359a0 of 132 bytes failed: Only part of a ReadProcessMemory or WriteProcessMemory request was completed. (0x12B)
[0810/222016.983:ERROR:process_memory_win.cc(73)] ReadMemory at 0x2c083935d30 of 132 bytes failed: Only part of a ReadProcessMemory or WriteProcessMemory request was completed. (0x12B)
[0810/222016.983:ERROR:process_memory_win.cc(73)] ReadMemory at 0x2c083935e60 of 132 bytes failed: Only part of a ReadProcessMemory or WriteProcessMemory request was completed. (0x12B)
[0810/222016.983:ERROR:process_memory_win.cc(73)] ReadMemory at 0x2c0839360c0 of 132 bytes failed: Only part of a ReadProcessMemory or WriteProcessMemory request was completed. (0x12B)
[0810/222016.983:ERROR:process_memory_win.cc(73)] ReadMemory at 0x2c0839361f0 of 132 bytes failed: Only part of a ReadProcessMemory or WriteProcessMemory request was completed. (0x12B)
[0810/222016.983:ERROR:process_memory_win.cc(73)] ReadMemory at 0x2c083936320 of 132 bytes failed: Only part of a ReadProcessMemory or WriteProcessMemory request was completed. (0x12B)
[0810/222016.984:ERROR:process_memory_win.cc(73)] ReadMemory at 0x2c083936450 of 132 bytes failed: Only part of a ReadProcessMemory or WriteProcessMemory request was completed. (0x12B)
[0810/222016.984:ERROR:process_memory_win.cc(73)] ReadMemory at 0x2c083936580 of 132 bytes failed: Only part of a ReadProcessMemory or WriteProcessMemory request was completed. (0x12B)
[0810/222016.984:ERROR:process_memory_win.cc(73)] ReadMemory at 0x2c0839366b0 of 132 bytes failed: Only part of a ReadProcessMemory or WriteProcessMemory request was completed. (0x12B)
[0810/222016.984:ERROR:process_memory_win.cc(73)] ReadMemory at 0x2c0839367e0 of 132 bytes failed: Only part of a ReadProcessMemory or WriteProcessMemory request was completed. (0x12B)
[0810/222016.984:ERROR:process_memory_win.cc(73)] ReadMemory at 0x2c083936b70 of 132 bytes failed: Only part of a ReadProcessMemory or WriteProcessMemory request was completed. (0x12B)
[0810/222016.984:ERROR:process_memory_win.cc(73)] ReadMemory at 0x2c083936ca0 of 132 bytes failed: Only part of a ReadProcessMemory or WriteProcessMemory request was completed. (0x12B)
[0810/222016.984:ERROR:process_memory_win.cc(73)] ReadMemory at 0x2c083936dd0 of 132 bytes failed: Only part of a ReadProcessMemory or WriteProcessMemory request was completed. (0x12B)
[0810/222016.984:ERROR:process_memory_win.cc(73)] ReadMemory at 0x2c08394ae40 of 512 bytes failed: Only part of a ReadProcessMemory or WriteProcessMemory request was completed. (0x12B)
[0810/222016.984:ERROR:process_memory_win.cc(73)] ReadMemory at 0x2c08399c900 of 512 bytes failed: Only part of a ReadProcessMemory or WriteProcessMemory request was completed. (0x12B)
[0810/222016.984:ERROR:process_memory_win.cc(73)] ReadMemory at 0x2c0839b4860 of 512 bytes failed: Only part of a ReadProcessMemory or WriteProcessMemory request was completed. (0x12B)
[0810/222016.984:ERROR:process_memory_win.cc(73)] ReadMemory at 0x2c0839b5fc0 of 512 bytes failed: Only part of a ReadProcessMemory or WriteProcessMemory request was completed. (0x12B)
[0810/222016.984:ERROR:process_memory_win.cc(73)] ReadMemory at 0x2c0839c8460 of 712 bytes failed: Only part of a ReadProcessMemory or WriteProcessMemory request was completed. (0x12B)
[0810/222016.984:ERROR:process_memory_win.cc(73)] ReadMemory at 0x2c085179a00 of 512 bytes failed: Only part of a ReadProcessMemory or WriteProcessMemory request was completed. (0x12B)
[0810/222016.985:ERROR:process_memory_win.cc(73)] ReadMemory at 0x2c08517c760 of 512 bytes failed: Only part of a ReadProcessMemory or WriteProcessMemory request was completed. (0x12B)
[0810/222017.075:ERROR:process_memory_win.cc(73)] ReadMemory at 0x2c0851c0c48 of 512 bytes failed: Only part of a ReadProcessMemory or WriteProcessMemory request was completed. (0x12B)
[0810/222017.075:ERROR:process_memory_win.cc(73)] ReadMemory at 0x2c0852526f0 of 512 bytes failed: Only part of a ReadProcessMemory or WriteProcessMemory request was completed. (0x12B)
[0810/222017.075:ERROR:process_memory_win.cc(73)] ReadMemory at 0x2c085267eb0 of 512 bytes failed: Only part of a ReadProcessMemory or WriteProcessMemory request was completed. (0x12B)
[0810/222017.075:ERROR:process_memory_win.cc(73)] ReadMemory at 0x2c085c1a380 of 512 bytes failed: Only part of a ReadProcessMemory or WriteProcessMemory request was completed. (0x12B)
[0810/222017.075:ERROR:process_memory_win.cc(73)] ReadMemory at 0x2c085c39440 of 512 bytes failed: Only part of a ReadProcessMemory or WriteProcessMemory request was completed. (0x12B)
[0810/222017.075:ERROR:process_memory_win.cc(73)] ReadMemory at 0x2c0863901d0 of 512 bytes failed: Only part of a ReadProcessMemory or WriteProcessMemory request was completed. (0x12B)
[0810/222017.075:ERROR:process_memory_win.cc(73)] ReadMemory at 0x2c0866adac0 of 512 bytes failed: Only part of a ReadProcessMemory or WriteProcessMemory request was completed. (0x12B)
[0810/222017.075:ERROR:process_memory_win.cc(73)] ReadMemory at 0x2c086709530 of 512 bytes failed: Only part of a ReadProcessMemory or WriteProcessMemory request was completed. (0x12B)
[0810/222017.075:ERROR:process_memory_win.cc(73)] ReadMemory at 0x2c086985410 of 528 bytes failed: Only part of a ReadProcessMemory or WriteProcessMemory request was completed. (0x12B)
[0810/222017.075:ERROR:process_memory_win.cc(73)] ReadMemory at 0x2c086c78ec8 of 512 bytes failed: Only part of a ReadProcessMemory or WriteProcessMemory request was completed. (0x12B)
[0810/222017.075:ERROR:process_memory_win.cc(73)] ReadMemory at 0x2c087503900 of 528 bytes failed: Only part of a ReadProcessMemory or WriteProcessMemory request was completed. (0x12B)
[0810/222017.075:ERROR:process_memory_win.cc(73)] ReadMemory at 0x2c08b321e50 of 512 bytes failed: Only part of a ReadProcessMemory or WriteProcessMemory request was completed. (0x12B)
[0810/222017.075:ERROR:process_memory_win.cc(73)] ReadMemory at 0x2c08b595390 of 512 bytes failed: Only part of a ReadProcessMemory or WriteProcessMemory request was completed. (0x12B)
[0810/222017.075:ERROR:process_memory_win.cc(73)] ReadMemory at 0x2c08c15c460 of 512 bytes failed: Only part of a ReadProcessMemory or WriteProcessMemory request was completed. (0x12B)
[0810/222017.075:ERROR:process_memory_win.cc(73)] ReadMemory at 0x2c098a1b580 of 512 bytes failed: Only part of a ReadProcessMemory or WriteProcessMemory request was completed. (0x12B)
[0810/222017.076:ERROR:process_memory_win.cc(73)] ReadMemory at 0x2c0a182c858 of 512 bytes failed: Only part of a ReadProcessMemory or WriteProcessMemory request was completed. (0x12B)
[0810/222017.076:ERROR:process_memory_win.cc(73)] ReadMemory at 0x2c0a2e97260 of 512 bytes failed: Only part of a ReadProcessMemory or WriteProcessMemory request was completed. (0x12B)
[0810/222017.076:ERROR:process_memory_win.cc(73)] ReadMemory at 0x2c0a35b33d0 of 512 bytes failed: Only part of a ReadProcessMemory or WriteProcessMemory request was completed. (0x12B)
[0810/222017.076:ERROR:process_memory_win.cc(73)] ReadMemory at 0x2c0a3db3a00 of 512 bytes failed: Only part of a ReadProcessMemory or WriteProcessMemory request was completed. (0x12B)
[0810/222017.076:ERROR:process_memory_win.cc(73)] ReadMemory at 0x2c0a3dd1840 of 512 bytes failed: Only part of a ReadProcessMemory or WriteProcessMemory request was completed. (0x12B)
[0810/222017.085:ERROR:process_memory_win.cc(73)] ReadMemory at 0x2c0a4f92290 of 512 bytes failed: Only part of a ReadProcessMemory or WriteProcessMemory request was completed. (0x12B)
[0810/222017.085:ERROR:process_memory_win.cc(73)] ReadMemory at 0x7fff2f4b9d04 of 512 bytes failed: Only part of a ReadProcessMemory or WriteProcessMemory request was completed. (0x12B)
[0810/222017.085:ERROR:process_memory_win.cc(73)] ReadMemory at 0x7fff33c8b658 of 512 bytes failed: Only part of a ReadProcessMemory or WriteProcessMemory request was completed. (0x12B)
[0810/222017.085:ERROR:process_memory_win.cc(73)] ReadMemory at 0x7fffa88079b3 of 512 bytes failed: Only part of a ReadProcessMemory or WriteProcessMemory request was completed. (0x12B)
[0810/222017.085:ERROR:process_memory_win.cc(73)] ReadMemory at 0x7fffa88081a0 of 512 bytes failed: Only part of a ReadProcessMemory or WriteProcessMemory request was completed. (0x12B)
[0810/222017.085:ERROR:process_memory_win.cc(73)] ReadMemory at 0x7fffbefa0753 of 512 bytes failed: Only part of a ReadProcessMemory or WriteProcessMemory request was completed. (0x12B)
[0810/222017.085:ERROR:process_memory_win.cc(73)] ReadMemory at 0x7fffbeffc074 of 672 bytes failed: Only part of a ReadProcessMemory or WriteProcessMemory request was completed. (0x12B)
[0810/222017.085:ERROR:process_memory_win.cc(73)] ReadMemory at 0x7fffbefff924 of 608 bytes failed: Only part of a ReadProcessMemory or WriteProcessMemory request was completed. (0x12B)
[0810/222017.085:ERROR:process_memory_win.cc(73)] ReadMemory at 0x7fffbf08c428 of 18 bytes failed: Only part of a ReadProcessMemory or WriteProcessMemory request was completed. (0x12B)
[0810/222017.085:ERROR:process_memory_win.cc(73)] ReadMemory at 0x7fffbf0bf4f8 of 40 bytes failed: Only part of a ReadProcessMemory or WriteProcessMemory request was completed. (0x12B)
[0810/222017.086:ERROR:process_memory_win.cc(73)] ReadMemory at 0x7fffbf0bf978 of 48 bytes failed: Only part of a ReadProcessMemory or WriteProcessMemory request was completed. (0x12B)
[0810/222017.086:ERROR:process_memory_win.cc(73)] ReadMemory at 0x7fffbf0c53c0 of 64 bytes failed: Only part of a ReadProcessMemory or WriteProcessMemory request was completed. (0x12B)
[0810/222017.180:ERROR:scoped_process_suspend.cc(40)] NtResumeProcess: An attempt was made to access an exiting process. (0xc000010a)
